2020-12-03T09:27:28.0001612+01:00	INFO	[Microsoft.Hosting.Lifetime]	[0]	Application started. Press Ctrl+C to shut down.
2020-12-03T09:27:28.0375413+01:00	INFO	[Microsoft.Hosting.Lifetime]	[0]	Hosting environment: Development
2020-12-03T09:27:28.0405578+01:00	INFO	[Microsoft.Hosting.Lifetime]	[0]	Content root path: B:\documenten\S2 V3\Forum App S2\Forum App\Presentation Layer
2020-12-03T11:03:43.9828620+01:00	INFO	[Microsoft.Hosting.Lifetime]	[0]	Application started. Press Ctrl+C to shut down.
2020-12-03T11:03:44.0003755+01:00	INFO	[Microsoft.Hosting.Lifetime]	[0]	Hosting environment: Development
2020-12-03T11:03:44.0027127+01:00	INFO	[Microsoft.Hosting.Lifetime]	[0]	Content root path: B:\documenten\S2 V3\Forum App S2\Forum App\Presentation Layer
2020-12-03T11:16:15.0191620+01:00	INFO	[Microsoft.Hosting.Lifetime]	[0]	Application started. Press Ctrl+C to shut down.
2020-12-03T11:16:15.0439231+01:00	INFO	[Microsoft.Hosting.Lifetime]	[0]	Hosting environment: Development
2020-12-03T11:16:15.0477552+01:00	INFO	[Microsoft.Hosting.Lifetime]	[0]	Content root path: B:\documenten\S2 V3\Forum App S2\Forum App\Presentation Layer
2020-12-03T11:18:06.8420065+01:00	INFO	[Microsoft.Hosting.Lifetime]	[0]	Application started. Press Ctrl+C to shut down.
2020-12-03T11:18:06.8490767+01:00	INFO	[Microsoft.Hosting.Lifetime]	[0]	Hosting environment: Development
2020-12-03T11:18:06.8516330+01:00	INFO	[Microsoft.Hosting.Lifetime]	[0]	Content root path: B:\documenten\S2 V3\Forum App S2\Forum App\Presentation Layer
2020-12-03T13:19:51.6334793+01:00	INFO	[Microsoft.Hosting.Lifetime]	[0]	Application started. Press Ctrl+C to shut down.
2020-12-03T13:19:51.6415449+01:00	INFO	[Microsoft.Hosting.Lifetime]	[0]	Hosting environment: Development
2020-12-03T13:19:51.6441363+01:00	INFO	[Microsoft.Hosting.Lifetime]	[0]	Content root path: B:\documenten\S2 V3\Forum App S2\Forum App\Presentation Layer
2020-12-03T13:39:19.9381773+01:00	INFO	[Microsoft.Hosting.Lifetime]	[0]	Application started. Press Ctrl+C to shut down.
2020-12-03T13:39:19.9462066+01:00	INFO	[Microsoft.Hosting.Lifetime]	[0]	Hosting environment: Development
2020-12-03T13:39:19.9488856+01:00	INFO	[Microsoft.Hosting.Lifetime]	[0]	Content root path: B:\documenten\S2 V3\Forum App S2\Forum App\Presentation Layer
2020-12-03T13:40:24.9340919+01:00	INFO	[Microsoft.Hosting.Lifetime]	[0]	Application started. Press Ctrl+C to shut down.
2020-12-03T13:40:24.9413160+01:00	INFO	[Microsoft.Hosting.Lifetime]	[0]	Hosting environment: Development
2020-12-03T13:40:24.9435431+01:00	INFO	[Microsoft.Hosting.Lifetime]	[0]	Content root path: B:\documenten\S2 V3\Forum App S2\Forum App\Presentation Layer
2020-12-03T13:49:17.4615973+01:00	INFO	[Microsoft.Hosting.Lifetime]	[0]	Application started. Press Ctrl+C to shut down.
2020-12-03T13:49:17.4704713+01:00	INFO	[Microsoft.Hosting.Lifetime]	[0]	Hosting environment: Development
2020-12-03T13:49:17.4727659+01:00	INFO	[Microsoft.Hosting.Lifetime]	[0]	Content root path: B:\documenten\S2 V3\Forum App S2\Forum App\Presentation Layer
2020-12-03T13:50:04.9003066+01:00	INFO	[Microsoft.Hosting.Lifetime]	[0]	Application started. Press Ctrl+C to shut down.
2020-12-03T13:50:04.9095519+01:00	INFO	[Microsoft.Hosting.Lifetime]	[0]	Hosting environment: Development
2020-12-03T13:50:04.9117943+01:00	INFO	[Microsoft.Hosting.Lifetime]	[0]	Content root path: B:\documenten\S2 V3\Forum App S2\Forum App\Presentation Layer
2020-12-03T13:51:51.0111618+01:00	INFO	[Microsoft.Hosting.Lifetime]	[0]	Application started. Press Ctrl+C to shut down.
2020-12-03T13:51:51.0171863+01:00	INFO	[Microsoft.Hosting.Lifetime]	[0]	Hosting environment: Development
2020-12-03T13:51:51.0195604+01:00	INFO	[Microsoft.Hosting.Lifetime]	[0]	Content root path: B:\documenten\S2 V3\Forum App S2\Forum App\Presentation Layer
2020-12-03T13:54:15.7130311+01:00	INFO	[Microsoft.Hosting.Lifetime]	[0]	Application started. Press Ctrl+C to shut down.
2020-12-03T13:54:15.7214999+01:00	INFO	[Microsoft.Hosting.Lifetime]	[0]	Hosting environment: Development
2020-12-03T13:54:15.7240297+01:00	INFO	[Microsoft.Hosting.Lifetime]	[0]	Content root path: B:\documenten\S2 V3\Forum App S2\Forum App\Presentation Layer
2020-12-03T13:58:28.8020939+01:00	INFO	[Microsoft.Hosting.Lifetime]	[0]	Application started. Press Ctrl+C to shut down.
2020-12-03T13:58:28.8103725+01:00	INFO	[Microsoft.Hosting.Lifetime]	[0]	Hosting environment: Development
2020-12-03T13:58:28.8128395+01:00	INFO	[Microsoft.Hosting.Lifetime]	[0]	Content root path: B:\documenten\S2 V3\Forum App S2\Forum App\Presentation Layer
2020-12-03T14:01:45.3139748+01:00	INFO	[Microsoft.Hosting.Lifetime]	[0]	Application started. Press Ctrl+C to shut down.
2020-12-03T14:01:45.3216707+01:00	INFO	[Microsoft.Hosting.Lifetime]	[0]	Hosting environment: Development
2020-12-03T14:01:45.3239100+01:00	INFO	[Microsoft.Hosting.Lifetime]	[0]	Content root path: B:\documenten\S2 V3\Forum App S2\Forum App\Presentation Layer
2020-12-03T14:09:01.0144599+01:00	INFO	[Microsoft.Hosting.Lifetime]	[0]	Application started. Press Ctrl+C to shut down.
2020-12-03T14:09:01.0226948+01:00	INFO	[Microsoft.Hosting.Lifetime]	[0]	Hosting environment: Development
2020-12-03T14:09:01.0250998+01:00	INFO	[Microsoft.Hosting.Lifetime]	[0]	Content root path: B:\documenten\S2 V3\Forum App S2\Forum App\Presentation Layer
2020-12-03T14:09:20.0576345+01:00	INFO	[Microsoft.Hosting.Lifetime]	[0]	Application started. Press Ctrl+C to shut down.
2020-12-03T14:09:20.0662396+01:00	INFO	[Microsoft.Hosting.Lifetime]	[0]	Hosting environment: Development
2020-12-03T14:09:20.0686102+01:00	INFO	[Microsoft.Hosting.Lifetime]	[0]	Content root path: B:\documenten\S2 V3\Forum App S2\Forum App\Presentation Layer
2020-12-03T14:09:47.1563981+01:00	INFO	[Microsoft.Hosting.Lifetime]	[0]	Application started. Press Ctrl+C to shut down.
2020-12-03T14:09:47.1657994+01:00	INFO	[Microsoft.Hosting.Lifetime]	[0]	Hosting environment: Development
2020-12-03T14:09:47.1681321+01:00	INFO	[Microsoft.Hosting.Lifetime]	[0]	Content root path: B:\documenten\S2 V3\Forum App S2\Forum App\Presentation Layer
2020-12-03T14:12:40.9127590+01:00	INFO	[Microsoft.Hosting.Lifetime]	[0]	Application started. Press Ctrl+C to shut down.
2020-12-03T14:12:40.9227504+01:00	INFO	[Microsoft.Hosting.Lifetime]	[0]	Hosting environment: Development
2020-12-03T14:12:40.9251785+01:00	INFO	[Microsoft.Hosting.Lifetime]	[0]	Content root path: B:\documenten\S2 V3\Forum App S2\Forum App\Presentation Layer
2020-12-03T14:31:09.3903776+01:00	INFO	[Microsoft.Hosting.Lifetime]	[0]	Application started. Press Ctrl+C to shut down.
2020-12-03T14:31:09.3975689+01:00	INFO	[Microsoft.Hosting.Lifetime]	[0]	Hosting environment: Development
2020-12-03T14:31:09.4002645+01:00	INFO	[Microsoft.Hosting.Lifetime]	[0]	Content root path: B:\documenten\S2 V3\Forum App S2\Forum App\Presentation Layer
2020-12-03T14:37:41.1907006+01:00	INFO	[Microsoft.Hosting.Lifetime]	[0]	Application started. Press Ctrl+C to shut down.
2020-12-03T14:37:41.1983732+01:00	INFO	[Microsoft.Hosting.Lifetime]	[0]	Hosting environment: Development
2020-12-03T14:37:41.2014312+01:00	INFO	[Microsoft.Hosting.Lifetime]	[0]	Content root path: B:\documenten\S2 V3\Forum App S2\Forum App\Presentation Layer
2020-12-03T14:42:16.9130968+01:00	INFO	[Microsoft.Hosting.Lifetime]	[0]	Application started. Press Ctrl+C to shut down.
2020-12-03T14:42:16.9214436+01:00	INFO	[Microsoft.Hosting.Lifetime]	[0]	Hosting environment: Development
2020-12-03T14:42:16.9248765+01:00	INFO	[Microsoft.Hosting.Lifetime]	[0]	Content root path: B:\documenten\S2 V3\Forum App S2\Forum App\Presentation Layer
2020-12-03T14:42:41.5419437+01:00	INFO	[Microsoft.Hosting.Lifetime]	[0]	Application started. Press Ctrl+C to shut down.
2020-12-03T14:42:41.5483673+01:00	INFO	[Microsoft.Hosting.Lifetime]	[0]	Hosting environment: Development
2020-12-03T14:42:41.5504766+01:00	INFO	[Microsoft.Hosting.Lifetime]	[0]	Content root path: B:\documenten\S2 V3\Forum App S2\Forum App\Presentation Layer
2020-12-03T14:44:29.1177980+01:00	INFO	[Microsoft.Hosting.Lifetime]	[0]	Application started. Press Ctrl+C to shut down.
2020-12-03T14:44:29.1246807+01:00	INFO	[Microsoft.Hosting.Lifetime]	[0]	Hosting environment: Development
2020-12-03T14:44:29.1273051+01:00	INFO	[Microsoft.Hosting.Lifetime]	[0]	Content root path: B:\documenten\S2 V3\Forum App S2\Forum App\Presentation Layer
2020-12-03T14:47:33.1467012+01:00	INFO	[Microsoft.Hosting.Lifetime]	[0]	Application started. Press Ctrl+C to shut down.
2020-12-03T14:47:33.1568479+01:00	INFO	[Microsoft.Hosting.Lifetime]	[0]	Hosting environment: Development
2020-12-03T14:47:33.1591916+01:00	INFO	[Microsoft.Hosting.Lifetime]	[0]	Content root path: B:\documenten\S2 V3\Forum App S2\Forum App\Presentation Layer
2020-12-03T14:55:02.6127872+01:00	INFO	[Microsoft.Hosting.Lifetime]	[0]	Application started. Press Ctrl+C to shut down.
2020-12-03T14:55:02.6189035+01:00	INFO	[Microsoft.Hosting.Lifetime]	[0]	Hosting environment: Development
2020-12-03T14:55:02.6212608+01:00	INFO	[Microsoft.Hosting.Lifetime]	[0]	Content root path: B:\documenten\S2 V3\Forum App S2\Forum App\Presentation Layer
2020-12-03T14:57:03.2966312+01:00	INFO	[Microsoft.Hosting.Lifetime]	[0]	Application started. Press Ctrl+C to shut down.
2020-12-03T14:57:03.3055615+01:00	INFO	[Microsoft.Hosting.Lifetime]	[0]	Hosting environment: Development
2020-12-03T14:57:03.3093191+01:00	INFO	[Microsoft.Hosting.Lifetime]	[0]	Content root path: B:\documenten\S2 V3\Forum App S2\Forum App\Presentation Layer
2020-12-03T14:58:49.3161514+01:00	INFO	[Microsoft.Hosting.Lifetime]	[0]	Application started. Press Ctrl+C to shut down.
2020-12-03T14:58:49.3226650+01:00	INFO	[Microsoft.Hosting.Lifetime]	[0]	Hosting environment: Development
2020-12-03T14:58:49.3252746+01:00	INFO	[Microsoft.Hosting.Lifetime]	[0]	Content root path: B:\documenten\S2 V3\Forum App S2\Forum App\Presentation Layer
2020-12-03T14:59:47.6563873+01:00	INFO	[Microsoft.Hosting.Lifetime]	[0]	Application started. Press Ctrl+C to shut down.
2020-12-03T14:59:47.6632969+01:00	INFO	[Microsoft.Hosting.Lifetime]	[0]	Hosting environment: Development
2020-12-03T14:59:47.6656746+01:00	INFO	[Microsoft.Hosting.Lifetime]	[0]	Content root path: B:\documenten\S2 V3\Forum App S2\Forum App\Presentation Layer
2020-12-03T15:01:04.0503039+01:00	INFO	[Microsoft.Hosting.Lifetime]	[0]	Application started. Press Ctrl+C to shut down.
2020-12-03T15:01:04.0588369+01:00	INFO	[Microsoft.Hosting.Lifetime]	[0]	Hosting environment: Development
2020-12-03T15:01:04.0611452+01:00	INFO	[Microsoft.Hosting.Lifetime]	[0]	Content root path: B:\documenten\S2 V3\Forum App S2\Forum App\Presentation Layer
2020-12-03T15:01:42.0735915+01:00	INFO	[Microsoft.Hosting.Lifetime]	[0]	Application started. Press Ctrl+C to shut down.
2020-12-03T15:01:42.0804784+01:00	INFO	[Microsoft.Hosting.Lifetime]	[0]	Hosting environment: Development
2020-12-03T15:01:42.0828342+01:00	INFO	[Microsoft.Hosting.Lifetime]	[0]	Content root path: B:\documenten\S2 V3\Forum App S2\Forum App\Presentation Layer
2020-12-03T15:02:45.5566294+01:00	INFO	[Microsoft.Hosting.Lifetime]	[0]	Application started. Press Ctrl+C to shut down.
2020-12-03T15:02:45.5626348+01:00	INFO	[Microsoft.Hosting.Lifetime]	[0]	Hosting environment: Development
2020-12-03T15:02:45.5648231+01:00	INFO	[Microsoft.Hosting.Lifetime]	[0]	Content root path: B:\documenten\S2 V3\Forum App S2\Forum App\Presentation Layer
2020-12-03T15:03:53.4556558+01:00	INFO	[Microsoft.Hosting.Lifetime]	[0]	Application started. Press Ctrl+C to shut down.
2020-12-03T15:03:53.4637470+01:00	INFO	[Microsoft.Hosting.Lifetime]	[0]	Hosting environment: Development
2020-12-03T15:03:53.4667149+01:00	INFO	[Microsoft.Hosting.Lifetime]	[0]	Content root path: B:\documenten\S2 V3\Forum App S2\Forum App\Presentation Layer
2020-12-03T15:07:25.2110132+01:00	INFO	[Microsoft.Hosting.Lifetime]	[0]	Application started. Press Ctrl+C to shut down.
2020-12-03T15:07:25.2187502+01:00	INFO	[Microsoft.Hosting.Lifetime]	[0]	Hosting environment: Development
2020-12-03T15:07:25.2225141+01:00	INFO	[Microsoft.Hosting.Lifetime]	[0]	Content root path: B:\documenten\S2 V3\Forum App S2\Forum App\Presentation Layer
2020-12-03T15:14:53.8099516+01:00	INFO	[Microsoft.Hosting.Lifetime]	[0]	Application started. Press Ctrl+C to shut down.
2020-12-03T15:14:53.8158821+01:00	INFO	[Microsoft.Hosting.Lifetime]	[0]	Hosting environment: Development
2020-12-03T15:14:53.8187756+01:00	INFO	[Microsoft.Hosting.Lifetime]	[0]	Content root path: B:\documenten\S2 V3\Forum App S2\Forum App\Presentation Layer
2020-12-03T15:17:49.8458789+01:00	INFO	[Microsoft.Hosting.Lifetime]	[0]	Application started. Press Ctrl+C to shut down.
2020-12-03T15:17:49.8538290+01:00	INFO	[Microsoft.Hosting.Lifetime]	[0]	Hosting environment: Development
2020-12-03T15:17:49.8564070+01:00	INFO	[Microsoft.Hosting.Lifetime]	[0]	Content root path: B:\documenten\S2 V3\Forum App S2\Forum App\Presentation Layer
2020-12-03T15:27:23.2263545+01:00	INFO	[Microsoft.Hosting.Lifetime]	[0]	Application started. Press Ctrl+C to shut down.
2020-12-03T15:27:23.2323570+01:00	INFO	[Microsoft.Hosting.Lifetime]	[0]	Hosting environment: Development
2020-12-03T15:27:23.2347405+01:00	INFO	[Microsoft.Hosting.Lifetime]	[0]	Content root path: B:\documenten\S2 V3\Forum App S2\Forum App\Presentation Layer
2020-12-03T15:27:50.1233509+01:00	INFO	[Microsoft.Hosting.Lifetime]	[0]	Application started. Press Ctrl+C to shut down.
2020-12-03T15:27:50.1304483+01:00	INFO	[Microsoft.Hosting.Lifetime]	[0]	Hosting environment: Development
2020-12-03T15:27:50.1327199+01:00	INFO	[Microsoft.Hosting.Lifetime]	[0]	Content root path: B:\documenten\S2 V3\Forum App S2\Forum App\Presentation Layer
2020-12-03T15:28:26.3193343+01:00	INFO	[Microsoft.Hosting.Lifetime]	[0]	Application started. Press Ctrl+C to shut down.
2020-12-03T15:28:26.3256855+01:00	INFO	[Microsoft.Hosting.Lifetime]	[0]	Hosting environment: Development
2020-12-03T15:28:26.3296651+01:00	INFO	[Microsoft.Hosting.Lifetime]	[0]	Content root path: B:\documenten\S2 V3\Forum App S2\Forum App\Presentation Layer
2020-12-03T15:31:09.8725625+01:00	INFO	[Microsoft.Hosting.Lifetime]	[0]	Application started. Press Ctrl+C to shut down.
2020-12-03T15:31:09.8797218+01:00	INFO	[Microsoft.Hosting.Lifetime]	[0]	Hosting environment: Development
2020-12-03T15:31:09.8828642+01:00	INFO	[Microsoft.Hosting.Lifetime]	[0]	Content root path: B:\documenten\S2 V3\Forum App S2\Forum App\Presentation Layer
2020-12-03T15:33:30.4129907+01:00	INFO	[Microsoft.Hosting.Lifetime]	[0]	Application started. Press Ctrl+C to shut down.
2020-12-03T15:33:30.4193664+01:00	INFO	[Microsoft.Hosting.Lifetime]	[0]	Hosting environment: Development
2020-12-03T15:33:30.4216081+01:00	INFO	[Microsoft.Hosting.Lifetime]	[0]	Content root path: B:\documenten\S2 V3\Forum App S2\Forum App\Presentation Layer
2020-12-03T15:36:51.6617633+01:00	INFO	[Microsoft.Hosting.Lifetime]	[0]	Application started. Press Ctrl+C to shut down.
2020-12-03T15:36:51.6682187+01:00	INFO	[Microsoft.Hosting.Lifetime]	[0]	Hosting environment: Development
2020-12-03T15:36:51.6709056+01:00	INFO	[Microsoft.Hosting.Lifetime]	[0]	Content root path: B:\documenten\S2 V3\Forum App S2\Forum App\Presentation Layer
2020-12-03T15:37:26.8954590+01:00	INFO	[Microsoft.Hosting.Lifetime]	[0]	Application started. Press Ctrl+C to shut down.
2020-12-03T15:37:26.9046559+01:00	INFO	[Microsoft.Hosting.Lifetime]	[0]	Hosting environment: Development
2020-12-03T15:37:26.9076909+01:00	INFO	[Microsoft.Hosting.Lifetime]	[0]	Content root path: B:\documenten\S2 V3\Forum App S2\Forum App\Presentation Layer
2020-12-03T15:39:24.4710587+01:00	INFO	[Microsoft.Hosting.Lifetime]	[0]	Application started. Press Ctrl+C to shut down.
2020-12-03T15:39:24.4784328+01:00	INFO	[Microsoft.Hosting.Lifetime]	[0]	Hosting environment: Development
2020-12-03T15:39:24.4808816+01:00	INFO	[Microsoft.Hosting.Lifetime]	[0]	Content root path: B:\documenten\S2 V3\Forum App S2\Forum App\Presentation Layer
2020-12-03T15:39:50.9573667+01:00	INFO	[Microsoft.Hosting.Lifetime]	[0]	Application started. Press Ctrl+C to shut down.
2020-12-03T15:39:50.9658651+01:00	INFO	[Microsoft.Hosting.Lifetime]	[0]	Hosting environment: Development
2020-12-03T15:39:50.9684300+01:00	INFO	[Microsoft.Hosting.Lifetime]	[0]	Content root path: B:\documenten\S2 V3\Forum App S2\Forum App\Presentation Layer
2020-12-03T15:41:32.4937482+01:00	INFO	[Microsoft.Hosting.Lifetime]	[0]	Application started. Press Ctrl+C to shut down.
2020-12-03T15:41:32.5023887+01:00	INFO	[Microsoft.Hosting.Lifetime]	[0]	Hosting environment: Development
2020-12-03T15:41:32.5069119+01:00	INFO	[Microsoft.Hosting.Lifetime]	[0]	Content root path: B:\documenten\S2 V3\Forum App S2\Forum App\Presentation Layer
2020-12-03T15:42:09.3939659+01:00	INFO	[Microsoft.Hosting.Lifetime]	[0]	Application started. Press Ctrl+C to shut down.
2020-12-03T15:42:09.4010453+01:00	INFO	[Microsoft.Hosting.Lifetime]	[0]	Hosting environment: Development
2020-12-03T15:42:09.4040327+01:00	INFO	[Microsoft.Hosting.Lifetime]	[0]	Content root path: B:\documenten\S2 V3\Forum App S2\Forum App\Presentation Layer
2020-12-03T15:45:37.4614592+01:00	INFO	[Microsoft.Hosting.Lifetime]	[0]	Application started. Press Ctrl+C to shut down.
2020-12-03T15:45:37.4764713+01:00	INFO	[Microsoft.Hosting.Lifetime]	[0]	Hosting environment: Development
2020-12-03T15:45:37.4791781+01:00	INFO	[Microsoft.Hosting.Lifetime]	[0]	Content root path: B:\documenten\S2 V3\Forum App S2\Forum App\Presentation Layer
2020-12-03T15:46:24.9259242+01:00	INFO	[Microsoft.Hosting.Lifetime]	[0]	Application started. Press Ctrl+C to shut down.
2020-12-03T15:46:24.9389969+01:00	INFO	[Microsoft.Hosting.Lifetime]	[0]	Hosting environment: Development
2020-12-03T15:46:24.9420375+01:00	INFO	[Microsoft.Hosting.Lifetime]	[0]	Content root path: B:\documenten\S2 V3\Forum App S2\Forum App\Presentation Layer
2020-12-03T15:47:05.6805743+01:00	INFO	[Microsoft.Hosting.Lifetime]	[0]	Application started. Press Ctrl+C to shut down.
2020-12-03T15:47:05.6887599+01:00	INFO	[Microsoft.Hosting.Lifetime]	[0]	Hosting environment: Development
2020-12-03T15:47:05.6913482+01:00	INFO	[Microsoft.Hosting.Lifetime]	[0]	Content root path: B:\documenten\S2 V3\Forum App S2\Forum App\Presentation Layer
2020-12-07T09:03:23.7052316+01:00	INFO	[Microsoft.Hosting.Lifetime]	[0]	Application started. Press Ctrl+C to shut down.
2020-12-07T09:03:23.7659472+01:00	INFO	[Microsoft.Hosting.Lifetime]	[0]	Hosting environment: Development
2020-12-07T09:03:23.7766427+01:00	INFO	[Microsoft.Hosting.Lifetime]	[0]	Content root path: B:\documenten\S2 V3\Forum App S2\Forum App\Presentation Layer
2020-12-07T09:06:33.6235505+01:00	INFO	[Microsoft.Hosting.Lifetime]	[0]	Application started. Press Ctrl+C to shut down.
2020-12-07T09:06:33.6317286+01:00	INFO	[Microsoft.Hosting.Lifetime]	[0]	Hosting environment: Development
2020-12-07T09:06:33.6351325+01:00	INFO	[Microsoft.Hosting.Lifetime]	[0]	Content root path: B:\documenten\S2 V3\Forum App S2\Forum App\Presentation Layer
2020-12-07T09:07:13.7942312+01:00	INFO	[Microsoft.Hosting.Lifetime]	[0]	Application started. Press Ctrl+C to shut down.
2020-12-07T09:07:13.8010914+01:00	INFO	[Microsoft.Hosting.Lifetime]	[0]	Hosting environment: Development
2020-12-07T09:07:13.8037428+01:00	INFO	[Microsoft.Hosting.Lifetime]	[0]	Content root path: B:\documenten\S2 V3\Forum App S2\Forum App\Presentation Layer
2020-12-07T09:07:51.4702421+01:00	INFO	[Microsoft.Hosting.Lifetime]	[0]	Application started. Press Ctrl+C to shut down.
2020-12-07T09:07:51.4779730+01:00	INFO	[Microsoft.Hosting.Lifetime]	[0]	Hosting environment: Development
2020-12-07T09:07:51.4823298+01:00	INFO	[Microsoft.Hosting.Lifetime]	[0]	Content root path: B:\documenten\S2 V3\Forum App S2\Forum App\Presentation Layer
2020-12-07T09:08:14.4414021+01:00	INFO	[Microsoft.Hosting.Lifetime]	[0]	Application started. Press Ctrl+C to shut down.
2020-12-07T09:08:14.4476950+01:00	INFO	[Microsoft.Hosting.Lifetime]	[0]	Hosting environment: Development
2020-12-07T09:08:14.4502594+01:00	INFO	[Microsoft.Hosting.Lifetime]	[0]	Content root path: B:\documenten\S2 V3\Forum App S2\Forum App\Presentation Layer
2020-12-07T09:08:31.2980216+01:00	INFO	[Microsoft.Hosting.Lifetime]	[0]	Application started. Press Ctrl+C to shut down.
2020-12-07T09:08:31.3046600+01:00	INFO	[Microsoft.Hosting.Lifetime]	[0]	Hosting environment: Development
2020-12-07T09:08:31.3070872+01:00	INFO	[Microsoft.Hosting.Lifetime]	[0]	Content root path: B:\documenten\S2 V3\Forum App S2\Forum App\Presentation Layer
2020-12-07T09:08:44.8912180+01:00	FAIL	[Microsoft.AspNetCore.Mvc.ViewFeatures.ViewResultExecutor]	[ViewNotFound]	The view 'Detail' was not found. Searched locations: /Views/Reply/Detail.cshtml, /Views/Shared/Detail.cshtml
2020-12-07T09:08:45.0371897+01:00	FAIL	[Microsoft.AspNetCore.Diagnostics.DeveloperExceptionPageMiddleware]	[UnhandledException]	An unhandled exception has occurred while executing the request.System.InvalidOperationException: The view 'Detail' was not found. The following locations were searched:
/Views/Reply/Detail.cshtml
/Views/Shared/Detail.cshtml
   at Microsoft.AspNetCore.Mvc.ViewEngines.ViewEngineResult.EnsureSuccessful(IEnumerable`1 originalLocations)
   at Microsoft.AspNetCore.Mvc.ViewFeatures.ViewResultExecutor.ExecuteAsync(ActionContext context, ViewResult result)
   at Microsoft.AspNetCore.Mvc.ViewResult.ExecuteResultAsync(ActionContext context)
   at Microsoft.AspNetCore.Mvc.Infrastructure.ResourceInvoker.<InvokeNextResultFilterAsync>g__Awaited|29_0[TFilter,TFilterAsync](ResourceInvoker invoker, Task lastTask, State next, Scope scope, Object state, Boolean isCompleted)
   at Microsoft.AspNetCore.Mvc.Infrastructure.ResourceInvoker.Rethrow(ResultExecutedContextSealed context)
   at Microsoft.AspNetCore.Mvc.Infrastructure.ResourceInvoker.ResultNext[TFilter,TFilterAsync](State& next, Scope& scope, Object& state, Boolean& isCompleted)
   at Microsoft.AspNetCore.Mvc.Infrastructure.ResourceInvoker.InvokeResultFilters()
--- End of stack trace from previous location where exception was thrown ---
   at Microsoft.AspNetCore.Mvc.Infrastructure.ResourceInvoker.<InvokeNextResourceFilter>g__Awaited|24_0(ResourceInvoker invoker, Task lastTask, State next, Scope scope, Object state, Boolean isCompleted)
   at Microsoft.AspNetCore.Mvc.Infrastructure.ResourceInvoker.Rethrow(ResourceExecutedContextSealed context)
   at Microsoft.AspNetCore.Mvc.Infrastructure.ResourceInvoker.Next(State& next, Scope& scope, Object& state, Boolean& isCompleted)
   at Microsoft.AspNetCore.Mvc.Infrastructure.ResourceInvoker.InvokeFilterPipelineAsync()
--- End of stack trace from previous location where exception was thrown ---
   at Microsoft.AspNetCore.Mvc.Infrastructure.ResourceInvoker.<InvokeAsync>g__Awaited|17_0(ResourceInvoker invoker, Task task, IDisposable scope)
   at Microsoft.AspNetCore.Routing.EndpointMiddleware.<Invoke>g__AwaitRequestTask|6_0(Endpoint endpoint, Task requestTask, ILogger logger)
   at Microsoft.AspNetCore.Authorization.AuthorizationMiddleware.Invoke(HttpContext context)
   at Microsoft.AspNetCore.Authentication.AuthenticationMiddleware.Invoke(HttpContext context)
   at Microsoft.AspNetCore.Session.SessionMiddleware.Invoke(HttpContext context)
   at Microsoft.AspNetCore.Session.SessionMiddleware.Invoke(HttpContext context)
   at Microsoft.AspNetCore.Diagnostics.DeveloperExceptionPageMiddleware.Invoke(HttpContext context)

2020-12-07T09:09:15.4118291+01:00	INFO	[Microsoft.Hosting.Lifetime]	[0]	Application started. Press Ctrl+C to shut down.
2020-12-07T09:09:15.4184073+01:00	INFO	[Microsoft.Hosting.Lifetime]	[0]	Hosting environment: Development
2020-12-07T09:09:15.4207419+01:00	INFO	[Microsoft.Hosting.Lifetime]	[0]	Content root path: B:\documenten\S2 V3\Forum App S2\Forum App\Presentation Layer
2020-12-07T09:10:05.6217732+01:00	INFO	[Microsoft.Hosting.Lifetime]	[0]	Application started. Press Ctrl+C to shut down.
2020-12-07T09:10:05.6277182+01:00	INFO	[Microsoft.Hosting.Lifetime]	[0]	Hosting environment: Development
2020-12-07T09:10:05.6300388+01:00	INFO	[Microsoft.Hosting.Lifetime]	[0]	Content root path: B:\documenten\S2 V3\Forum App S2\Forum App\Presentation Layer
2020-12-07T09:19:24.6123275+01:00	INFO	[Microsoft.Hosting.Lifetime]	[0]	Application started. Press Ctrl+C to shut down.
2020-12-07T09:19:24.6332360+01:00	INFO	[Microsoft.Hosting.Lifetime]	[0]	Hosting environment: Development
2020-12-07T09:19:24.7325808+01:00	INFO	[Microsoft.Hosting.Lifetime]	[0]	Content root path: B:\documenten\S2 V3\Forum App S2\Forum App\Presentation Layer
2020-12-07T09:22:43.8887735+01:00	INFO	[Microsoft.Hosting.Lifetime]	[0]	Application started. Press Ctrl+C to shut down.
2020-12-07T09:22:43.8955462+01:00	INFO	[Microsoft.Hosting.Lifetime]	[0]	Hosting environment: Development
2020-12-07T09:22:43.8973009+01:00	INFO	[Microsoft.Hosting.Lifetime]	[0]	Content root path: B:\documenten\S2 V3\Forum App S2\Forum App\Presentation Layer
2020-12-07T09:27:41.2047057+01:00	INFO	[Microsoft.Hosting.Lifetime]	[0]	Application started. Press Ctrl+C to shut down.
2020-12-07T09:27:41.2109986+01:00	INFO	[Microsoft.Hosting.Lifetime]	[0]	Hosting environment: Development
2020-12-07T09:27:41.2134248+01:00	INFO	[Microsoft.Hosting.Lifetime]	[0]	Content root path: B:\documenten\S2 V3\Forum App S2\Forum App\Presentation Layer
2020-12-07T09:33:17.8548718+01:00	INFO	[Microsoft.Hosting.Lifetime]	[0]	Application started. Press Ctrl+C to shut down.
2020-12-07T09:33:17.8633729+01:00	INFO	[Microsoft.Hosting.Lifetime]	[0]	Hosting environment: Development
2020-12-07T09:33:17.8653706+01:00	INFO	[Microsoft.Hosting.Lifetime]	[0]	Content root path: B:\documenten\S2 V3\Forum App S2\Forum App\Presentation Layer
2020-12-07T09:34:26.2169758+01:00	INFO	[Microsoft.Hosting.Lifetime]	[0]	Application started. Press Ctrl+C to shut down.
2020-12-07T09:34:26.2267591+01:00	INFO	[Microsoft.Hosting.Lifetime]	[0]	Hosting environment: Development
2020-12-07T09:34:26.2301660+01:00	INFO	[Microsoft.Hosting.Lifetime]	[0]	Content root path: B:\documenten\S2 V3\Forum App S2\Forum App\Presentation Layer
2020-12-07T09:35:52.9876220+01:00	INFO	[Microsoft.Hosting.Lifetime]	[0]	Application started. Press Ctrl+C to shut down.
2020-12-07T09:35:52.9941073+01:00	INFO	[Microsoft.Hosting.Lifetime]	[0]	Hosting environment: Development
2020-12-07T09:35:52.9964537+01:00	INFO	[Microsoft.Hosting.Lifetime]	[0]	Content root path: B:\documenten\S2 V3\Forum App S2\Forum App\Presentation Layer
2020-12-07T09:36:56.9523831+01:00	INFO	[Microsoft.Hosting.Lifetime]	[0]	Application started. Press Ctrl+C to shut down.
2020-12-07T09:36:56.9604046+01:00	INFO	[Microsoft.Hosting.Lifetime]	[0]	Hosting environment: Development
2020-12-07T09:36:56.9632391+01:00	INFO	[Microsoft.Hosting.Lifetime]	[0]	Content root path: B:\documenten\S2 V3\Forum App S2\Forum App\Presentation Layer
2020-12-07T09:38:24.5408868+01:00	INFO	[Microsoft.Hosting.Lifetime]	[0]	Application started. Press Ctrl+C to shut down.
2020-12-07T09:38:24.5476574+01:00	INFO	[Microsoft.Hosting.Lifetime]	[0]	Hosting environment: Development
2020-12-07T09:38:24.5510467+01:00	INFO	[Microsoft.Hosting.Lifetime]	[0]	Content root path: B:\documenten\S2 V3\Forum App S2\Forum App\Presentation Layer
2020-12-07T09:38:46.5866564+01:00	INFO	[Microsoft.Hosting.Lifetime]	[0]	Application started. Press Ctrl+C to shut down.
2020-12-07T09:38:46.5933972+01:00	INFO	[Microsoft.Hosting.Lifetime]	[0]	Hosting environment: Development
2020-12-07T09:38:46.5959117+01:00	INFO	[Microsoft.Hosting.Lifetime]	[0]	Content root path: B:\documenten\S2 V3\Forum App S2\Forum App\Presentation Layer
2020-12-07T09:40:04.2162336+01:00	INFO	[Microsoft.Hosting.Lifetime]	[0]	Application started. Press Ctrl+C to shut down.
2020-12-07T09:40:04.2332100+01:00	INFO	[Microsoft.Hosting.Lifetime]	[0]	Hosting environment: Development
2020-12-07T09:40:04.2390282+01:00	INFO	[Microsoft.Hosting.Lifetime]	[0]	Content root path: B:\documenten\S2 V3\Forum App S2\Forum App\Presentation Layer
2020-12-07T09:41:40.8710768+01:00	INFO	[Microsoft.Hosting.Lifetime]	[0]	Application started. Press Ctrl+C to shut down.
2020-12-07T09:41:40.8779191+01:00	INFO	[Microsoft.Hosting.Lifetime]	[0]	Hosting environment: Development
2020-12-07T09:41:40.8817810+01:00	INFO	[Microsoft.Hosting.Lifetime]	[0]	Content root path: B:\documenten\S2 V3\Forum App S2\Forum App\Presentation Layer
2020-12-07T09:41:57.3915723+01:00	INFO	[Microsoft.Hosting.Lifetime]	[0]	Application started. Press Ctrl+C to shut down.
2020-12-07T09:41:57.3974249+01:00	INFO	[Microsoft.Hosting.Lifetime]	[0]	Hosting environment: Development
2020-12-07T09:41:57.3994489+01:00	INFO	[Microsoft.Hosting.Lifetime]	[0]	Content root path: B:\documenten\S2 V3\Forum App S2\Forum App\Presentation Layer
2020-12-10T09:40:59.2800390+01:00	INFO	[Microsoft.Hosting.Lifetime]	[0]	Application started. Press Ctrl+C to shut down.
2020-12-10T09:40:59.2896502+01:00	INFO	[Microsoft.Hosting.Lifetime]	[0]	Hosting environment: Development
2020-12-10T09:40:59.3938530+01:00	INFO	[Microsoft.Hosting.Lifetime]	[0]	Content root path: B:\documenten\S2 V3\Forum App S2\Forum App\Presentation Layer
2020-12-10T09:57:59.0450416+01:00	INFO	[Microsoft.Hosting.Lifetime]	[0]	Application started. Press Ctrl+C to shut down.
2020-12-10T09:57:59.0679963+01:00	INFO	[Microsoft.Hosting.Lifetime]	[0]	Hosting environment: Development
2020-12-10T09:57:59.0706059+01:00	INFO	[Microsoft.Hosting.Lifetime]	[0]	Content root path: B:\documenten\S2 V3\Forum App S2\Forum App\Presentation Layer
2020-12-10T09:59:09.6586513+01:00	FAIL	[Microsoft.AspNetCore.Diagnostics.DeveloperExceptionPageMiddleware]	[UnhandledException]	An unhandled exception has occurred while executing the request.System.NullReferenceException: Object reference not set to an instance of an object.
   at AspNetCore.Views_Account_Index.<ExecuteAsync>b__19_3() in B:\documenten\S2 V3\Forum App S2\Forum App\Presentation Layer\Views\Account\Index.cshtml:line 13
   at Microsoft.AspNetCore.Razor.Runtime.TagHelpers.TagHelperExecutionContext.GetChildContentAsync(Boolean useCachedResult, HtmlEncoder encoder)
   at Microsoft.AspNetCore.Mvc.TagHelpers.RenderAtEndOfFormTagHelper.ProcessAsync(TagHelperContext context, TagHelperOutput output)
   at Microsoft.AspNetCore.Razor.Runtime.TagHelpers.TagHelperRunner.<RunAsync>g__Awaited|0_0(Task task, TagHelperExecutionContext executionContext, Int32 i, Int32 count)
   at AspNetCore.Views_Account_Index.<ExecuteAsync>b__19_1()
   at Microsoft.AspNetCore.Razor.Runtime.TagHelpers.TagHelperExecutionContext.SetOutputContentAsync()
   at AspNetCore.Views_Account_Index.ExecuteAsync()
   at Microsoft.AspNetCore.Mvc.Razor.RazorView.RenderPageCoreAsync(IRazorPage page, ViewContext context)
   at Microsoft.AspNetCore.Mvc.Razor.RazorView.RenderPageAsync(IRazorPage page, ViewContext context, Boolean invokeViewStarts)
   at Microsoft.AspNetCore.Mvc.Razor.RazorView.RenderAsync(ViewContext context)
   at Microsoft.AspNetCore.Mvc.ViewFeatures.ViewExecutor.ExecuteAsync(ViewContext viewContext, String contentType, Nullable`1 statusCode)
   at Microsoft.AspNetCore.Mvc.ViewFeatures.ViewExecutor.ExecuteAsync(ViewContext viewContext, String contentType, Nullable`1 statusCode)
   at Microsoft.AspNetCore.Mvc.ViewFeatures.ViewExecutor.ExecuteAsync(ActionContext actionContext, IView view, ViewDataDictionary viewData, ITempDataDictionary tempData, String contentType, Nullable`1 statusCode)
   at Microsoft.AspNetCore.Mvc.ViewFeatures.ViewResultExecutor.ExecuteAsync(ActionContext context, ViewResult result)
   at Microsoft.AspNetCore.Mvc.ViewResult.ExecuteResultAsync(ActionContext context)
   at Microsoft.AspNetCore.Mvc.Infrastructure.ResourceInvoker.<InvokeNextResultFilterAsync>g__Awaited|29_0[TFilter,TFilterAsync](ResourceInvoker invoker, Task lastTask, State next, Scope scope, Object state, Boolean isCompleted)
   at Microsoft.AspNetCore.Mvc.Infrastructure.ResourceInvoker.Rethrow(ResultExecutedContextSealed context)
   at Microsoft.AspNetCore.Mvc.Infrastructure.ResourceInvoker.ResultNext[TFilter,TFilterAsync](State& next, Scope& scope, Object& state, Boolean& isCompleted)
   at Microsoft.AspNetCore.Mvc.Infrastructure.ResourceInvoker.InvokeResultFilters()
--- End of stack trace from previous location where exception was thrown ---
   at Microsoft.AspNetCore.Mvc.Infrastructure.ResourceInvoker.<InvokeNextResourceFilter>g__Awaited|24_0(ResourceInvoker invoker, Task lastTask, State next, Scope scope, Object state, Boolean isCompleted)
   at Microsoft.AspNetCore.Mvc.Infrastructure.ResourceInvoker.Rethrow(ResourceExecutedContextSealed context)
   at Microsoft.AspNetCore.Mvc.Infrastructure.ResourceInvoker.Next(State& next, Scope& scope, Object& state, Boolean& isCompleted)
   at Microsoft.AspNetCore.Mvc.Infrastructure.ResourceInvoker.InvokeFilterPipelineAsync()
--- End of stack trace from previous location where exception was thrown ---
   at Microsoft.AspNetCore.Mvc.Infrastructure.ResourceInvoker.<InvokeAsync>g__Awaited|17_0(ResourceInvoker invoker, Task task, IDisposable scope)
   at Microsoft.AspNetCore.Routing.EndpointMiddleware.<Invoke>g__AwaitRequestTask|6_0(Endpoint endpoint, Task requestTask, ILogger logger)
   at Microsoft.AspNetCore.Authorization.AuthorizationMiddleware.Invoke(HttpContext context)
   at Microsoft.AspNetCore.Authentication.AuthenticationMiddleware.Invoke(HttpContext context)
   at Microsoft.AspNetCore.Session.SessionMiddleware.Invoke(HttpContext context)
   at Microsoft.AspNetCore.Session.SessionMiddleware.Invoke(HttpContext context)
   at Microsoft.AspNetCore.Diagnostics.DeveloperExceptionPageMiddleware.Invoke(HttpContext context)

2020-12-10T09:59:09.6586905+01:00	FAIL	[Microsoft.AspNetCore.Diagnostics.DeveloperExceptionPageMiddleware]	[UnhandledException]	An unhandled exception has occurred while executing the request.System.NullReferenceException: Object reference not set to an instance of an object.
   at AspNetCore.Views_Account_Index.<ExecuteAsync>b__19_3() in B:\documenten\S2 V3\Forum App S2\Forum App\Presentation Layer\Views\Account\Index.cshtml:line 13
   at Microsoft.AspNetCore.Razor.Runtime.TagHelpers.TagHelperExecutionContext.GetChildContentAsync(Boolean useCachedResult, HtmlEncoder encoder)
   at Microsoft.AspNetCore.Mvc.TagHelpers.RenderAtEndOfFormTagHelper.ProcessAsync(TagHelperContext context, TagHelperOutput output)
   at Microsoft.AspNetCore.Razor.Runtime.TagHelpers.TagHelperRunner.<RunAsync>g__Awaited|0_0(Task task, TagHelperExecutionContext executionContext, Int32 i, Int32 count)
   at AspNetCore.Views_Account_Index.<ExecuteAsync>b__19_1()
   at Microsoft.AspNetCore.Razor.Runtime.TagHelpers.TagHelperExecutionContext.SetOutputContentAsync()
   at AspNetCore.Views_Account_Index.ExecuteAsync()
   at Microsoft.AspNetCore.Mvc.Razor.RazorView.RenderPageCoreAsync(IRazorPage page, ViewContext context)
   at Microsoft.AspNetCore.Mvc.Razor.RazorView.RenderPageAsync(IRazorPage page, ViewContext context, Boolean invokeViewStarts)
   at Microsoft.AspNetCore.Mvc.Razor.RazorView.RenderAsync(ViewContext context)
   at Microsoft.AspNetCore.Mvc.ViewFeatures.ViewExecutor.ExecuteAsync(ViewContext viewContext, String contentType, Nullable`1 statusCode)
   at Microsoft.AspNetCore.Mvc.ViewFeatures.ViewExecutor.ExecuteAsync(ViewContext viewContext, String contentType, Nullable`1 statusCode)
   at Microsoft.AspNetCore.Mvc.ViewFeatures.ViewExecutor.ExecuteAsync(ActionContext actionContext, IView view, ViewDataDictionary viewData, ITempDataDictionary tempData, String contentType, Nullable`1 statusCode)
   at Microsoft.AspNetCore.Mvc.ViewFeatures.ViewResultExecutor.ExecuteAsync(ActionContext context, ViewResult result)
   at Microsoft.AspNetCore.Mvc.ViewResult.ExecuteResultAsync(ActionContext context)
   at Microsoft.AspNetCore.Mvc.Infrastructure.ResourceInvoker.<InvokeNextResultFilterAsync>g__Awaited|29_0[TFilter,TFilterAsync](ResourceInvoker invoker, Task lastTask, State next, Scope scope, Object state, Boolean isCompleted)
   at Microsoft.AspNetCore.Mvc.Infrastructure.ResourceInvoker.Rethrow(ResultExecutedContextSealed context)
   at Microsoft.AspNetCore.Mvc.Infrastructure.ResourceInvoker.ResultNext[TFilter,TFilterAsync](State& next, Scope& scope, Object& state, Boolean& isCompleted)
   at Microsoft.AspNetCore.Mvc.Infrastructure.ResourceInvoker.InvokeResultFilters()
--- End of stack trace from previous location where exception was thrown ---
   at Microsoft.AspNetCore.Mvc.Infrastructure.ResourceInvoker.<InvokeNextResourceFilter>g__Awaited|24_0(ResourceInvoker invoker, Task lastTask, State next, Scope scope, Object state, Boolean isCompleted)
   at Microsoft.AspNetCore.Mvc.Infrastructure.ResourceInvoker.Rethrow(ResourceExecutedContextSealed context)
   at Microsoft.AspNetCore.Mvc.Infrastructure.ResourceInvoker.Next(State& next, Scope& scope, Object& state, Boolean& isCompleted)
   at Microsoft.AspNetCore.Mvc.Infrastructure.ResourceInvoker.InvokeFilterPipelineAsync()
--- End of stack trace from previous location where exception was thrown ---
   at Microsoft.AspNetCore.Mvc.Infrastructure.ResourceInvoker.<InvokeAsync>g__Awaited|17_0(ResourceInvoker invoker, Task task, IDisposable scope)
   at Microsoft.AspNetCore.Routing.EndpointMiddleware.<Invoke>g__AwaitRequestTask|6_0(Endpoint endpoint, Task requestTask, ILogger logger)
   at Microsoft.AspNetCore.Authorization.AuthorizationMiddleware.Invoke(HttpContext context)
   at Microsoft.AspNetCore.Authentication.AuthenticationMiddleware.Invoke(HttpContext context)
   at Microsoft.AspNetCore.Session.SessionMiddleware.Invoke(HttpContext context)
   at Microsoft.AspNetCore.Session.SessionMiddleware.Invoke(HttpContext context)
   at Microsoft.AspNetCore.Diagnostics.DeveloperExceptionPageMiddleware.Invoke(HttpContext context)

2020-12-10T10:00:12.5608733+01:00	INFO	[Microsoft.Hosting.Lifetime]	[0]	Application started. Press Ctrl+C to shut down.
2020-12-10T10:00:12.5684532+01:00	INFO	[Microsoft.Hosting.Lifetime]	[0]	Hosting environment: Development
2020-12-10T10:00:12.5712994+01:00	INFO	[Microsoft.Hosting.Lifetime]	[0]	Content root path: B:\documenten\S2 V3\Forum App S2\Forum App\Presentation Layer
2020-12-10T10:00:58.2603448+01:00	INFO	[Microsoft.Hosting.Lifetime]	[0]	Application started. Press Ctrl+C to shut down.
2020-12-10T10:00:58.3188564+01:00	INFO	[Microsoft.Hosting.Lifetime]	[0]	Hosting environment: Development
2020-12-10T10:00:58.3340906+01:00	INFO	[Microsoft.Hosting.Lifetime]	[0]	Content root path: B:\documenten\S2 V3\Forum App S2\Forum App\Presentation Layer
2020-12-10T10:01:23.3896891+01:00	INFO	[Microsoft.Hosting.Lifetime]	[0]	Application started. Press Ctrl+C to shut down.
2020-12-10T10:01:23.3982533+01:00	INFO	[Microsoft.Hosting.Lifetime]	[0]	Hosting environment: Development
2020-12-10T10:01:23.4003093+01:00	INFO	[Microsoft.Hosting.Lifetime]	[0]	Content root path: B:\documenten\S2 V3\Forum App S2\Forum App\Presentation Layer
2020-12-10T10:03:04.1643125+01:00	INFO	[Microsoft.Hosting.Lifetime]	[0]	Application started. Press Ctrl+C to shut down.
2020-12-10T10:03:04.1731409+01:00	INFO	[Microsoft.Hosting.Lifetime]	[0]	Hosting environment: Development
2020-12-10T10:03:04.1758964+01:00	INFO	[Microsoft.Hosting.Lifetime]	[0]	Content root path: B:\documenten\S2 V3\Forum App S2\Forum App\Presentation Layer
2020-12-10T10:04:03.2318217+01:00	INFO	[Microsoft.Hosting.Lifetime]	[0]	Application started. Press Ctrl+C to shut down.
2020-12-10T10:04:03.2381166+01:00	INFO	[Microsoft.Hosting.Lifetime]	[0]	Hosting environment: Development
2020-12-10T10:04:03.2415191+01:00	INFO	[Microsoft.Hosting.Lifetime]	[0]	Content root path: B:\documenten\S2 V3\Forum App S2\Forum App\Presentation Layer
2020-12-10T14:15:18.7458226+01:00	INFO	[Microsoft.Hosting.Lifetime]	[0]	Application started. Press Ctrl+C to shut down.
2020-12-10T14:15:18.7528294+01:00	INFO	[Microsoft.Hosting.Lifetime]	[0]	Hosting environment: Development
2020-12-10T14:15:18.7566438+01:00	INFO	[Microsoft.Hosting.Lifetime]	[0]	Content root path: B:\documenten\S2 V3\Forum App S2\Forum App\Presentation Layer
2020-12-10T14:15:18.8986609+01:00	WARN	[Microsoft.AspNetCore.Session.SessionMiddleware]	[ErrorUnprotectingCookie]	Error unprotecting the session cookie.System.Security.Cryptography.CryptographicException: The payload was invalid.
   at Microsoft.AspNetCore.DataProtection.Cng.CbcAuthenticatedEncryptor.DecryptImpl(Byte* pbCiphertext, UInt32 cbCiphertext, Byte* pbAdditionalAuthenticatedData, UInt32 cbAdditionalAuthenticatedData)
   at Microsoft.AspNetCore.DataProtection.Cng.Internal.CngAuthenticatedEncryptorBase.Decrypt(ArraySegment`1 ciphertext, ArraySegment`1 additionalAuthenticatedData)
   at Microsoft.AspNetCore.DataProtection.KeyManagement.KeyRingBasedDataProtector.UnprotectCore(Byte[] protectedData, Boolean allowOperationsOnRevokedKeys, UnprotectStatus& status)
   at Microsoft.AspNetCore.DataProtection.KeyManagement.KeyRingBasedDataProtector.DangerousUnprotect(Byte[] protectedData, Boolean ignoreRevocationErrors, Boolean& requiresMigration, Boolean& wasRevoked)
   at Microsoft.AspNetCore.DataProtection.KeyManagement.KeyRingBasedDataProtector.Unprotect(Byte[] protectedData)
   at Microsoft.AspNetCore.Session.CookieProtection.Unprotect(IDataProtector protector, String protectedText, ILogger logger)

2020-12-10T14:15:50.9649843+01:00	WARN	[Microsoft.AspNetCore.Session.SessionMiddleware]	[ErrorUnprotectingCookie]	Error unprotecting the session cookie.System.Security.Cryptography.CryptographicException: The payload was invalid.
   at Microsoft.AspNetCore.DataProtection.Cng.CbcAuthenticatedEncryptor.DecryptImpl(Byte* pbCiphertext, UInt32 cbCiphertext, Byte* pbAdditionalAuthenticatedData, UInt32 cbAdditionalAuthenticatedData)
   at Microsoft.AspNetCore.DataProtection.Cng.Internal.CngAuthenticatedEncryptorBase.Decrypt(ArraySegment`1 ciphertext, ArraySegment`1 additionalAuthenticatedData)
   at Microsoft.AspNetCore.DataProtection.KeyManagement.KeyRingBasedDataProtector.UnprotectCore(Byte[] protectedData, Boolean allowOperationsOnRevokedKeys, UnprotectStatus& status)
   at Microsoft.AspNetCore.DataProtection.KeyManagement.KeyRingBasedDataProtector.DangerousUnprotect(Byte[] protectedData, Boolean ignoreRevocationErrors, Boolean& requiresMigration, Boolean& wasRevoked)
   at Microsoft.AspNetCore.DataProtection.KeyManagement.KeyRingBasedDataProtector.Unprotect(Byte[] protectedData)
   at Microsoft.AspNetCore.Session.CookieProtection.Unprotect(IDataProtector protector, String protectedText, ILogger logger)

2020-12-10T14:15:54.0608440+01:00	WARN	[Microsoft.AspNetCore.Session.SessionMiddleware]	[ErrorUnprotectingCookie]	Error unprotecting the session cookie.System.Security.Cryptography.CryptographicException: The payload was invalid.
   at Microsoft.AspNetCore.DataProtection.Cng.CbcAuthenticatedEncryptor.DecryptImpl(Byte* pbCiphertext, UInt32 cbCiphertext, Byte* pbAdditionalAuthenticatedData, UInt32 cbAdditionalAuthenticatedData)
   at Microsoft.AspNetCore.DataProtection.Cng.Internal.CngAuthenticatedEncryptorBase.Decrypt(ArraySegment`1 ciphertext, ArraySegment`1 additionalAuthenticatedData)
   at Microsoft.AspNetCore.DataProtection.KeyManagement.KeyRingBasedDataProtector.UnprotectCore(Byte[] protectedData, Boolean allowOperationsOnRevokedKeys, UnprotectStatus& status)
   at Microsoft.AspNetCore.DataProtection.KeyManagement.KeyRingBasedDataProtector.DangerousUnprotect(Byte[] protectedData, Boolean ignoreRevocationErrors, Boolean& requiresMigration, Boolean& wasRevoked)
   at Microsoft.AspNetCore.DataProtection.KeyManagement.KeyRingBasedDataProtector.Unprotect(Byte[] protectedData)
   at Microsoft.AspNetCore.Session.CookieProtection.Unprotect(IDataProtector protector, String protectedText, ILogger logger)

2020-12-10T14:49:29.7511297+01:00	INFO	[Microsoft.Hosting.Lifetime]	[0]	Application started. Press Ctrl+C to shut down.
2020-12-10T14:49:29.8868156+01:00	INFO	[Microsoft.Hosting.Lifetime]	[0]	Hosting environment: Development
2020-12-10T14:49:29.9036192+01:00	INFO	[Microsoft.Hosting.Lifetime]	[0]	Content root path: B:\documenten\S2 V3\Forum App S2\Forum App\Presentation Layer
2020-12-10T14:50:21.1426907+01:00	INFO	[Microsoft.Hosting.Lifetime]	[0]	Application started. Press Ctrl+C to shut down.
2020-12-10T14:50:21.1485969+01:00	INFO	[Microsoft.Hosting.Lifetime]	[0]	Hosting environment: Development
2020-12-10T14:50:21.1512625+01:00	INFO	[Microsoft.Hosting.Lifetime]	[0]	Content root path: B:\documenten\S2 V3\Forum App S2\Forum App\Presentation Layer
2020-12-10T14:57:52.3933243+01:00	INFO	[Microsoft.Hosting.Lifetime]	[0]	Application started. Press Ctrl+C to shut down.
2020-12-10T14:57:52.4000554+01:00	INFO	[Microsoft.Hosting.Lifetime]	[0]	Hosting environment: Development
2020-12-10T14:57:52.4023366+01:00	INFO	[Microsoft.Hosting.Lifetime]	[0]	Content root path: B:\documenten\S2 V3\Forum App S2\Forum App\Presentation Layer
2020-12-10T14:59:32.8315331+01:00	INFO	[Microsoft.Hosting.Lifetime]	[0]	Application started. Press Ctrl+C to shut down.
2020-12-10T14:59:32.8382752+01:00	INFO	[Microsoft.Hosting.Lifetime]	[0]	Hosting environment: Development
2020-12-10T14:59:32.8409356+01:00	INFO	[Microsoft.Hosting.Lifetime]	[0]	Content root path: B:\documenten\S2 V3\Forum App S2\Forum App\Presentation Layer
2020-12-10T14:59:56.5781966+01:00	INFO	[Microsoft.Hosting.Lifetime]	[0]	Application started. Press Ctrl+C to shut down.
2020-12-10T14:59:56.5873405+01:00	INFO	[Microsoft.Hosting.Lifetime]	[0]	Hosting environment: Development
2020-12-10T14:59:56.5916214+01:00	INFO	[Microsoft.Hosting.Lifetime]	[0]	Content root path: B:\documenten\S2 V3\Forum App S2\Forum App\Presentation Layer
2020-12-17T17:42:26.1679483+01:00	INFO	[Microsoft.Hosting.Lifetime]	[0]	Application started. Press Ctrl+C to shut down.
2020-12-17T17:42:26.1805973+01:00	INFO	[Microsoft.Hosting.Lifetime]	[0]	Hosting environment: Development
2020-12-17T17:42:26.1821450+01:00	INFO	[Microsoft.Hosting.Lifetime]	[0]	Content root path: C:\Users\vinci\OneDrive\Documenten\Forum-App-S2\Forum App\Presentation Layer
2020-12-17T17:42:49.3563600+01:00	FAIL	[Microsoft.AspNetCore.Diagnostics.DeveloperExceptionPageMiddleware]	[UnhandledException]	An unhandled exception has occurred while executing the request.System.IndexOutOfRangeException: There is no row at position 0.
   at DatabaseLayer.Contexts.SQLAccountContext.GetByName(AccountDTO dto) in C:\Users\vinci\OneDrive\Documenten\Forum-App-S2\Forum App\Database Layer\Contexts\SQLAccountContext.cs:line 138
   at Forum_App.Containers.AccountContainer.GetByName(Account account) in C:\Users\vinci\OneDrive\Documenten\Forum-App-S2\Forum App\Business Layer\Containers\AccountContainer.cs:line 32
   at Presentation_Layer.Controllers.LoginController.Login(AccountDetailVM vm) in C:\Users\vinci\OneDrive\Documenten\Forum-App-S2\Forum App\Presentation Layer\Controllers\LoginController.cs:line 41
   at lambda_method(Closure , Object , Object[] )
   at Microsoft.Extensions.Internal.ObjectMethodExecutor.Execute(Object target, Object[] parameters)
   at Microsoft.AspNetCore.Mvc.Infrastructure.ActionMethodExecutor.SyncActionResultExecutor.Execute(IActionResultTypeMapper mapper, ObjectMethodExecutor executor, Object controller, Object[] arguments)
   at Microsoft.AspNetCore.Mvc.Infrastructure.ControllerActionInvoker.InvokeActionMethodAsync()
   at Microsoft.AspNetCore.Mvc.Infrastructure.ControllerActionInvoker.Next(State& next, Scope& scope, Object& state, Boolean& isCompleted)
   at Microsoft.AspNetCore.Mvc.Infrastructure.ControllerActionInvoker.InvokeNextActionFilterAsync()
--- End of stack trace from previous location where exception was thrown ---
   at Microsoft.AspNetCore.Mvc.Infrastructure.ControllerActionInvoker.Rethrow(ActionExecutedContextSealed context)
   at Microsoft.AspNetCore.Mvc.Infrastructure.ControllerActionInvoker.Next(State& next, Scope& scope, Object& state, Boolean& isCompleted)
   at Microsoft.AspNetCore.Mvc.Infrastructure.ControllerActionInvoker.InvokeInnerFilterAsync()
--- End of stack trace from previous location where exception was thrown ---
   at Microsoft.AspNetCore.Mvc.Infrastructure.ResourceInvoker.<InvokeNextResourceFilter>g__Awaited|24_0(ResourceInvoker invoker, Task lastTask, State next, Scope scope, Object state, Boolean isCompleted)
   at Microsoft.AspNetCore.Mvc.Infrastructure.ResourceInvoker.Rethrow(ResourceExecutedContextSealed context)
   at Microsoft.AspNetCore.Mvc.Infrastructure.ResourceInvoker.Next(State& next, Scope& scope, Object& state, Boolean& isCompleted)
   at Microsoft.AspNetCore.Mvc.Infrastructure.ResourceInvoker.InvokeFilterPipelineAsync()
--- End of stack trace from previous location where exception was thrown ---
   at Microsoft.AspNetCore.Mvc.Infrastructure.ResourceInvoker.<InvokeAsync>g__Awaited|17_0(ResourceInvoker invoker, Task task, IDisposable scope)
   at Microsoft.AspNetCore.Routing.EndpointMiddleware.<Invoke>g__AwaitRequestTask|6_0(Endpoint endpoint, Task requestTask, ILogger logger)
   at Microsoft.AspNetCore.Authorization.AuthorizationMiddleware.Invoke(HttpContext context)
   at Microsoft.AspNetCore.Authentication.AuthenticationMiddleware.Invoke(HttpContext context)
   at Microsoft.AspNetCore.Session.SessionMiddleware.Invoke(HttpContext context)
   at Microsoft.AspNetCore.Session.SessionMiddleware.Invoke(HttpContext context)
   at Microsoft.AspNetCore.Diagnostics.DeveloperExceptionPageMiddleware.Invoke(HttpContext context)

